<?xml version="1.0" encoding="UTF-8"?>
<!-- Generated by org.testng.reporters.JUnitReportReporter -->
<testsuite hostname="TCOE-5414RYW-LX" name="scenarios.MercurySampleTest" tests="1" failures="0" timestamp="16 Sep 2019 09:15:57 GMT" time="13.413" errors="0">
  <testcase name="testScenario" time="13.413" classname="scenarios.MercurySampleTest"/>
</testsuite> <!-- scenarios.MercurySampleTest -->
