<?xml version="1.0" encoding="UTF-8"?>
<!-- Generated by org.testng.reporters.JUnitReportReporter -->
<testsuite skipped="0" hostname="TCOE-7374J0N-LX" name="scenarios.TC01_MyStore_SignInWithRegisteredUser" tests="1" failures="0" timestamp="15 Oct 2019 17:10:44 GMT" time="20.904" errors="0">
  <testcase name="testScenario" time="20.904" classname="scenarios.TC01_MyStore_SignInWithRegisteredUser"/>
</testsuite> <!-- scenarios.TC01_MyStore_SignInWithRegisteredUser -->
