<?xml version="1.0" encoding="UTF-8"?>
<!-- Generated by org.testng.reporters.JUnitReportReporter -->
<testsuite skipped="0" hostname="TCOE-7374J0N-LX" name="scenarios.MyStore_SignInWithRegisteredUserTest" tests="1" failures="0" timestamp="18 Oct 2019 13:52:32 GMT" time="38.565" errors="0">
  <testcase name="testScenario" time="38.565" classname="scenarios.MyStore_SignInWithRegisteredUserTest"/>
</testsuite> <!-- scenarios.MyStore_SignInWithRegisteredUserTest -->
