<?xml version="1.0" encoding="UTF-8"?>
<!-- Generated by org.testng.reporters.JUnitReportReporter -->
<testsuite hostname="TCOE-5414RYW-LX" name="scenarios.MercuryRegistrationTest" tests="1" failures="0" timestamp="22 Sep 2019 00:11:47 GMT" time="12.728" errors="0">
  <testcase name="testScenario" time="12.728" classname="scenarios.MercuryRegistrationTest"/>
</testsuite> <!-- scenarios.MercuryRegistrationTest -->
