<?xml version="1.0" encoding="UTF-8"?>
<!-- Generated by org.testng.reporters.JUnitReportReporter -->
<testsuite skipped="0" hostname="TCOE-7374J0N-LX" name="scenarios.TC02_MyStore_SignInWithUnRegisteredUser" tests="1" failures="0" timestamp="15 Oct 2019 14:19:07 GMT" time="14.831" errors="0">
  <testcase name="testScenario" time="14.831" classname="scenarios.TC02_MyStore_SignInWithUnRegisteredUser"/>
</testsuite> <!-- scenarios.TC02_MyStore_SignInWithUnRegisteredUser -->
