<?xml version="1.0" encoding="UTF-8"?>
<!-- Generated by org.testng.reporters.JUnitReportReporter -->
<testsuite hostname="TCOE-7374J0N-LX" name="scenarios.MyStore_SignInWithUnRegisteredUserTest" tests="1" failures="0" timestamp="18 Oct 2019 13:43:18 GMT" time="16.378" errors="0">
  <testcase name="testScenario" time="16.378" classname="scenarios.MyStore_SignInWithUnRegisteredUserTest"/>
</testsuite> <!-- scenarios.MyStore_SignInWithUnRegisteredUserTest -->
