<?xml version="1.0" encoding="UTF-8"?>
<!-- Generated by org.testng.reporters.JUnitReportReporter -->
<testsuite hostname="TCOE-7374J0N-LX" name="scenarios.MercuryBookAFlightTest" tests="1" failures="0" timestamp="11 Oct 2019 08:42:50 GMT" time="59.331" errors="0">
  <testcase name="testScenario" time="59.331" classname="scenarios.MercuryBookAFlightTest"/>
</testsuite> <!-- scenarios.MercuryBookAFlightTest -->
